<?xml version="1.0" encoding="UTF-8"?>
<!-- Generated by org.testng.reporters.JUnitReportReporter -->
<testsuite hostname="Amit-PC" failures="0" tests="2" name="com.testng.test.MavenTestNGprac" time="0.048" errors="0" timestamp="21 Aug 2018 17:18:00 GMT">
  <testcase classname="com.testng.test.MavenTestNGprac" name="multiply" time="0.004"/>
  <testcase classname="com.testng.test.MavenTestNGprac" name="Sum" time="0.044"/>
</testsuite> <!-- com.testng.test.MavenTestNGprac -->
